[0.163s] Invoking command in '/home/duckiebot/duckietown/ros2_ws/build/ros_cap': BYOBU_DATE=%Y-%m-%d CMAKE_PREFIX_PATH=/opt/ros/humble /usr/bin/cmake /home/duckiebot/duckietown/ros2_ws/src/ros_cap -DCMAKE_INSTALL_PREFIX=/home/duckiebot/duckietown/ros2_ws/install/ros_cap
[2.251s] -- The C compiler identification is GNU 11.3.0
[3.939s] -- The CXX compiler identification is GNU 11.3.0
[4.038s] -- Detecting C compiler ABI info
[4.807s] -- Detecting C compiler ABI info - done
[4.874s] -- Check for working C compiler: /usr/bin/cc - skipped
[4.881s] -- Detecting C compile features
[4.888s] -- Detecting C compile features - done
[4.924s] -- Detecting CXX compiler ABI info
[5.731s] -- Detecting CXX compiler ABI info - done
[5.807s] -- Check for working CXX compiler: /usr/bin/c++ - skipped
[5.810s] -- Detecting CXX compile features
[5.816s] -- Detecting CXX compile features - done
[5.879s] -- Found ament_cmake: 1.3.3 (/opt/ros/humble/share/ament_cmake/cmake)
[7.784s] -- Found Python3: /usr/bin/python3.10 (found version "3.10.6") found components: Interpreter 
[9.176s] -- Found ament_lint_auto: 0.12.4 (/opt/ros/humble/share/ament_lint_auto/cmake)
[10.228s] -- Added test 'lint_cmake' to check CMake code style
[10.253s] -- Added test 'xmllint' to check XML markup files
[10.273s] -- Configuring done
[10.316s] -- Generating done
[10.326s] -- Build files have been written to: /home/duckiebot/duckietown/ros2_ws/build/ros_cap
[10.362s] Invoked command in '/home/duckiebot/duckietown/ros2_ws/build/ros_cap' returned '0': BYOBU_DATE=%Y-%m-%d CMAKE_PREFIX_PATH=/opt/ros/humble /usr/bin/cmake /home/duckiebot/duckietown/ros2_ws/src/ros_cap -DCMAKE_INSTALL_PREFIX=/home/duckiebot/duckietown/ros2_ws/install/ros_cap
[10.385s] Invoking command in '/home/duckiebot/duckietown/ros2_ws/build/ros_cap': BYOBU_DATE=%Y-%m-%d CMAKE_PREFIX_PATH=/opt/ros/humble /usr/bin/cmake --build /home/duckiebot/duckietown/ros2_ws/build/ros_cap -- -j4 -l4
[10.686s] Invoked command in '/home/duckiebot/duckietown/ros2_ws/build/ros_cap' returned '0': BYOBU_DATE=%Y-%m-%d CMAKE_PREFIX_PATH=/opt/ros/humble /usr/bin/cmake --build /home/duckiebot/duckietown/ros2_ws/build/ros_cap -- -j4 -l4
[10.991s] Invoking command in '/home/duckiebot/duckietown/ros2_ws/build/ros_cap': BYOBU_DATE=%Y-%m-%d CMAKE_PREFIX_PATH=/opt/ros/humble /usr/bin/cmake --install /home/duckiebot/duckietown/ros2_ws/build/ros_cap
[11.042s] -- Install configuration: ""
[11.045s] -- Installing: /home/duckiebot/duckietown/ros2_ws/install/ros_cap/share/ament_index/resource_index/package_run_dependencies/ros_cap
[11.048s] -- Installing: /home/duckiebot/duckietown/ros2_ws/install/ros_cap/share/ament_index/resource_index/parent_prefix_path/ros_cap
[11.052s] -- Installing: /home/duckiebot/duckietown/ros2_ws/install/ros_cap/share/ros_cap/environment/ament_prefix_path.sh
[11.055s] -- Installing: /home/duckiebot/duckietown/ros2_ws/install/ros_cap/share/ros_cap/environment/ament_prefix_path.dsv
[11.057s] -- Installing: /home/duckiebot/duckietown/ros2_ws/install/ros_cap/share/ros_cap/environment/path.sh
[11.060s] -- Installing: /home/duckiebot/duckietown/ros2_ws/install/ros_cap/share/ros_cap/environment/path.dsv
[11.062s] -- Installing: /home/duckiebot/duckietown/ros2_ws/install/ros_cap/share/ros_cap/local_setup.bash
[11.065s] -- Installing: /home/duckiebot/duckietown/ros2_ws/install/ros_cap/share/ros_cap/local_setup.sh
[11.068s] -- Installing: /home/duckiebot/duckietown/ros2_ws/install/ros_cap/share/ros_cap/local_setup.zsh
[11.070s] -- Installing: /home/duckiebot/duckietown/ros2_ws/install/ros_cap/share/ros_cap/local_setup.dsv
[11.073s] -- Installing: /home/duckiebot/duckietown/ros2_ws/install/ros_cap/share/ros_cap/package.dsv
[11.076s] -- Installing: /home/duckiebot/duckietown/ros2_ws/install/ros_cap/share/ament_index/resource_index/packages/ros_cap
[11.079s] -- Installing: /home/duckiebot/duckietown/ros2_ws/install/ros_cap/share/ros_cap/cmake/ros_capConfig.cmake
[11.081s] -- Installing: /home/duckiebot/duckietown/ros2_ws/install/ros_cap/share/ros_cap/cmake/ros_capConfig-version.cmake
[11.084s] -- Installing: /home/duckiebot/duckietown/ros2_ws/install/ros_cap/share/ros_cap/package.xml
[11.102s] Invoked command in '/home/duckiebot/duckietown/ros2_ws/build/ros_cap' returned '0': BYOBU_DATE=%Y-%m-%d CMAKE_PREFIX_PATH=/opt/ros/humble /usr/bin/cmake --install /home/duckiebot/duckietown/ros2_ws/build/ros_cap
