[4.013s] DEBUG:colcon:Command line arguments: ['/usr/bin/colcon', 'build']
[4.014s] DEBUG:colcon:Parsed command line arguments: Namespace(log_base=None, log_level=None, verb_name='build', build_base='build', install_base='install', merge_install=False, symlink_install=False, test_result_base=None, continue_on_error=False, executor='parallel', parallel_workers=4, event_handlers=None, ignore_user_meta=False, metas=['./colcon.meta'], base_paths=['.'], packages_ignore=None, packages_ignore_regex=None, paths=None, packages_up_to=None, packages_up_to_regex=None, packages_above=None, packages_above_and_dependencies=None, packages_above_depth=None, packages_select_by_dep=None, packages_skip_by_dep=None, packages_skip_up_to=None, packages_select_build_failed=False, packages_skip_build_finished=False, packages_select_test_failures=False, packages_skip_test_passed=False, packages_select=None, packages_skip=None, packages_select_regex=None, packages_skip_regex=None, packages_start=None, packages_end=None, allow_overriding=[], cmake_args=None, cmake_target=None, cmake_target_skip_unavailable=False, cmake_clean_cache=False, cmake_clean_first=False, cmake_force_configure=False, ament_cmake_args=None, catkin_cmake_args=None, catkin_skip_building_tests=False, verb_parser=<colcon_defaults.argument_parser.defaults.DefaultArgumentsDecorator object at 0xffff980919f0>, verb_extension=<colcon_core.verb.build.BuildVerb object at 0xffff98a53790>, main=<bound method BuildVerb.main of <colcon_core.verb.build.BuildVerb object at 0xffff98a53790>>)
[4.414s] Level 1:colcon.colcon_core.package_discovery:discover_packages(colcon_meta) check parameters
[4.415s] Level 1:colcon.colcon_core.package_discovery:discover_packages(recursive) check parameters
[4.416s] Level 1:colcon.colcon_core.package_discovery:discover_packages(ignore) check parameters
[4.416s] Level 1:colcon.colcon_core.package_discovery:discover_packages(path) check parameters
[4.416s] Level 1:colcon.colcon_core.package_discovery:discover_packages(colcon_meta) discover
[4.417s] Level 1:colcon.colcon_core.package_discovery:discover_packages(recursive) discover
[4.417s] INFO:colcon.colcon_core.package_discovery:Crawling recursively for packages in '/home/duckiebot/duckietown/ros2_ws'
[4.418s] Level 1:colcon.colcon_core.package_identification:_identify(.) by extensions ['ignore', 'ignore_ament_install']
[4.419s] Level 1:colcon.colcon_core.package_identification:_identify(.) by extension 'ignore'
[4.420s] Level 1:colcon.colcon_core.package_identification:_identify(.) by extension 'ignore_ament_install'
[4.420s] Level 1:colcon.colcon_core.package_identification:_identify(.) by extensions ['colcon_pkg']
[4.421s] Level 1:colcon.colcon_core.package_identification:_identify(.) by extension 'colcon_pkg'
[4.421s] Level 1:colcon.colcon_core.package_identification:_identify(.) by extensions ['colcon_meta']
[4.421s] Level 1:colcon.colcon_core.package_identification:_identify(.) by extension 'colcon_meta'
[4.422s] Level 1:colcon.colcon_core.package_identification:_identify(.) by extensions ['ros']
[4.422s] Level 1:colcon.colcon_core.package_identification:_identify(.) by extension 'ros'
[4.609s] Level 1:colcon.colcon_core.package_identification:_identify(.) by extensions ['cmake', 'python']
[4.610s] Level 1:colcon.colcon_core.package_identification:_identify(.) by extension 'cmake'
[4.611s] Level 1:colcon.colcon_core.package_identification:_identify(.) by extension 'python'
[4.611s] Level 1:colcon.colcon_core.package_identification:_identify(.) by extensions ['python_setup_py']
[4.611s] Level 1:colcon.colcon_core.package_identification:_identify(.) by extension 'python_setup_py'
[4.612s] Level 1:colcon.colcon_core.package_identification:_identify(build) by extensions ['ignore', 'ignore_ament_install']
[4.613s] Level 1:colcon.colcon_core.package_identification:_identify(build) by extension 'ignore'
[4.614s] Level 1:colcon.colcon_core.package_identification:_identify(build) ignored
[4.615s] Level 1:colcon.colcon_core.package_identification:_identify(install) by extensions ['ignore', 'ignore_ament_install']
[4.616s] Level 1:colcon.colcon_core.package_identification:_identify(install) by extension 'ignore'
[4.617s] Level 1:colcon.colcon_core.package_identification:_identify(install) ignored
[4.618s] Level 1:colcon.colcon_core.package_identification:_identify(log) by extensions ['ignore', 'ignore_ament_install']
[4.619s] Level 1:colcon.colcon_core.package_identification:_identify(log) by extension 'ignore'
[4.619s] Level 1:colcon.colcon_core.package_identification:_identify(log) ignored
[4.620s] Level 1:colcon.colcon_core.package_identification:_identify(src) by extensions ['ignore', 'ignore_ament_install']
[4.621s] Level 1:colcon.colcon_core.package_identification:_identify(src) by extension 'ignore'
[4.621s] Level 1:colcon.colcon_core.package_identification:_identify(src) by extension 'ignore_ament_install'
[4.622s] Level 1:colcon.colcon_core.package_identification:_identify(src) by extensions ['colcon_pkg']
[4.622s] Level 1:colcon.colcon_core.package_identification:_identify(src) by extension 'colcon_pkg'
[4.623s] Level 1:colcon.colcon_core.package_identification:_identify(src) by extensions ['colcon_meta']
[4.623s] Level 1:colcon.colcon_core.package_identification:_identify(src) by extension 'colcon_meta'
[4.624s] Level 1:colcon.colcon_core.package_identification:_identify(src) by extensions ['ros']
[4.624s] Level 1:colcon.colcon_core.package_identification:_identify(src) by extension 'ros'
[4.625s] Level 1:colcon.colcon_core.package_identification:_identify(src) by extensions ['cmake', 'python']
[4.625s] Level 1:colcon.colcon_core.package_identification:_identify(src) by extension 'cmake'
[4.626s] Level 1:colcon.colcon_core.package_identification:_identify(src) by extension 'python'
[4.626s] Level 1:colcon.colcon_core.package_identification:_identify(src) by extensions ['python_setup_py']
[4.626s] Level 1:colcon.colcon_core.package_identification:_identify(src) by extension 'python_setup_py'
[4.628s] Level 1:colcon.colcon_core.package_identification:_identify(src/ros_cap) by extensions ['ignore', 'ignore_ament_install']
[4.629s] Level 1:colcon.colcon_core.package_identification:_identify(src/ros_cap) by extension 'ignore'
[4.629s] Level 1:colcon.colcon_core.package_identification:_identify(src/ros_cap) by extension 'ignore_ament_install'
[4.630s] Level 1:colcon.colcon_core.package_identification:_identify(src/ros_cap) by extensions ['colcon_pkg']
[4.630s] Level 1:colcon.colcon_core.package_identification:_identify(src/ros_cap) by extension 'colcon_pkg'
[4.631s] Level 1:colcon.colcon_core.package_identification:_identify(src/ros_cap) by extensions ['colcon_meta']
[4.631s] Level 1:colcon.colcon_core.package_identification:_identify(src/ros_cap) by extension 'colcon_meta'
[4.632s] Level 1:colcon.colcon_core.package_identification:_identify(src/ros_cap) by extensions ['ros']
[4.632s] Level 1:colcon.colcon_core.package_identification:_identify(src/ros_cap) by extension 'ros'
[4.663s] DEBUG:colcon.colcon_core.package_identification:Package 'src/ros_cap' with type 'ros.ament_cmake' and name 'ros_cap'
[4.664s] Level 1:colcon.colcon_core.package_discovery:discover_packages(recursive) using defaults
[4.664s] Level 1:colcon.colcon_core.package_discovery:discover_packages(ignore) discover
[4.665s] Level 1:colcon.colcon_core.package_discovery:discover_packages(ignore) using defaults
[4.665s] Level 1:colcon.colcon_core.package_discovery:discover_packages(path) discover
[4.665s] Level 1:colcon.colcon_core.package_discovery:discover_packages(path) using defaults
[4.991s] Level 1:colcon.colcon_core.package_discovery:discover_packages(prefix_path) check parameters
[4.992s] Level 1:colcon.colcon_core.package_discovery:discover_packages(prefix_path) discover
[5.052s] DEBUG:colcon.colcon_installed_package_information.package_discovery:Found 277 installed packages in /opt/ros/humble
[5.068s] Level 1:colcon.colcon_core.package_discovery:discover_packages(prefix_path) using defaults
[5.808s] Level 5:colcon.colcon_core.verb:set package 'ros_cap' build argument 'cmake_args' from command line to 'None'
[5.809s] Level 5:colcon.colcon_core.verb:set package 'ros_cap' build argument 'cmake_target' from command line to 'None'
[5.810s] Level 5:colcon.colcon_core.verb:set package 'ros_cap' build argument 'cmake_target_skip_unavailable' from command line to 'False'
[5.810s] Level 5:colcon.colcon_core.verb:set package 'ros_cap' build argument 'cmake_clean_cache' from command line to 'False'
[5.810s] Level 5:colcon.colcon_core.verb:set package 'ros_cap' build argument 'cmake_clean_first' from command line to 'False'
[5.811s] Level 5:colcon.colcon_core.verb:set package 'ros_cap' build argument 'cmake_force_configure' from command line to 'False'
[5.811s] Level 5:colcon.colcon_core.verb:set package 'ros_cap' build argument 'ament_cmake_args' from command line to 'None'
[5.811s] Level 5:colcon.colcon_core.verb:set package 'ros_cap' build argument 'catkin_cmake_args' from command line to 'None'
[5.811s] Level 5:colcon.colcon_core.verb:set package 'ros_cap' build argument 'catkin_skip_building_tests' from command line to 'False'
[5.812s] DEBUG:colcon.colcon_core.verb:Building package 'ros_cap' with the following arguments: {'ament_cmake_args': None, 'build_base': '/home/duckiebot/duckietown/ros2_ws/build/ros_cap', 'catkin_cmake_args': None, 'catkin_skip_building_tests': False, 'cmake_args': None, 'cmake_clean_cache': False, 'cmake_clean_first': False, 'cmake_force_configure': False, 'cmake_target': None, 'cmake_target_skip_unavailable': False, 'install_base': '/home/duckiebot/duckietown/ros2_ws/install/ros_cap', 'merge_install': False, 'path': '/home/duckiebot/duckietown/ros2_ws/src/ros_cap', 'symlink_install': False, 'test_result_base': None}
[5.819s] INFO:colcon.colcon_core.executor:Executing jobs using 'parallel' executor
[5.861s] DEBUG:colcon.colcon_parallel_executor.executor.parallel:run_until_complete
[5.863s] INFO:colcon.colcon_ros.task.ament_cmake.build:Building ROS package in '/home/duckiebot/duckietown/ros2_ws/src/ros_cap' with build type 'ament_cmake'
[5.865s] INFO:colcon.colcon_cmake.task.cmake.build:Building CMake package in '/home/duckiebot/duckietown/ros2_ws/src/ros_cap'
[5.937s] INFO:colcon.colcon_core.plugin_system:Skipping extension 'colcon_core.shell.bat': Not used on non-Windows systems
[5.939s] INFO:colcon.colcon_core.shell:Skip shell extension 'powershell' for command environment: Not usable outside of PowerShell
[5.940s] DEBUG:colcon.colcon_core.shell:Skip shell extension 'dsv' for command environment
[6.042s] DEBUG:colcon.colcon_core.event_handler.log_command:Invoking command in '/home/duckiebot/duckietown/ros2_ws/build/ros_cap': BYOBU_DATE=%Y-%m-%d CMAKE_PREFIX_PATH=/opt/ros/humble /usr/bin/cmake /home/duckiebot/duckietown/ros2_ws/src/ros_cap -DCMAKE_INSTALL_PREFIX=/home/duckiebot/duckietown/ros2_ws/install/ros_cap
[16.236s] DEBUG:colcon.colcon_core.event_handler.log_command:Invoked command in '/home/duckiebot/duckietown/ros2_ws/build/ros_cap' returned '0': BYOBU_DATE=%Y-%m-%d CMAKE_PREFIX_PATH=/opt/ros/humble /usr/bin/cmake /home/duckiebot/duckietown/ros2_ws/src/ros_cap -DCMAKE_INSTALL_PREFIX=/home/duckiebot/duckietown/ros2_ws/install/ros_cap
[16.259s] DEBUG:colcon.colcon_core.event_handler.log_command:Invoking command in '/home/duckiebot/duckietown/ros2_ws/build/ros_cap': BYOBU_DATE=%Y-%m-%d CMAKE_PREFIX_PATH=/opt/ros/humble /usr/bin/cmake --build /home/duckiebot/duckietown/ros2_ws/build/ros_cap -- -j4 -l4
[16.560s] DEBUG:colcon.colcon_core.event_handler.log_command:Invoked command in '/home/duckiebot/duckietown/ros2_ws/build/ros_cap' returned '0': BYOBU_DATE=%Y-%m-%d CMAKE_PREFIX_PATH=/opt/ros/humble /usr/bin/cmake --build /home/duckiebot/duckietown/ros2_ws/build/ros_cap -- -j4 -l4
[16.865s] DEBUG:colcon.colcon_core.event_handler.log_command:Invoking command in '/home/duckiebot/duckietown/ros2_ws/build/ros_cap': BYOBU_DATE=%Y-%m-%d CMAKE_PREFIX_PATH=/opt/ros/humble /usr/bin/cmake --install /home/duckiebot/duckietown/ros2_ws/build/ros_cap
[16.967s] Level 1:colcon.colcon_core.environment:create_environment_scripts_only(ros_cap)
[16.975s] DEBUG:colcon.colcon_core.event_handler.log_command:Invoked command in '/home/duckiebot/duckietown/ros2_ws/build/ros_cap' returned '0': BYOBU_DATE=%Y-%m-%d CMAKE_PREFIX_PATH=/opt/ros/humble /usr/bin/cmake --install /home/duckiebot/duckietown/ros2_ws/build/ros_cap
[17.060s] Level 1:colcon.colcon_core.environment:checking '/home/duckiebot/duckietown/ros2_ws/install/ros_cap' for CMake module files
[17.067s] Level 1:colcon.colcon_core.environment:checking '/home/duckiebot/duckietown/ros2_ws/install/ros_cap' for CMake config files
[17.071s] Level 1:colcon.colcon_core.shell:create_environment_hook('ros_cap', 'cmake_prefix_path')
[17.085s] INFO:colcon.colcon_core.shell:Creating environment hook '/home/duckiebot/duckietown/ros2_ws/install/ros_cap/share/ros_cap/hook/cmake_prefix_path.ps1'
[17.094s] INFO:colcon.colcon_core.shell:Creating environment descriptor '/home/duckiebot/duckietown/ros2_ws/install/ros_cap/share/ros_cap/hook/cmake_prefix_path.dsv'
[17.099s] INFO:colcon.colcon_core.shell:Creating environment hook '/home/duckiebot/duckietown/ros2_ws/install/ros_cap/share/ros_cap/hook/cmake_prefix_path.sh'
[17.108s] Level 1:colcon.colcon_core.environment:checking '/home/duckiebot/duckietown/ros2_ws/install/ros_cap/bin'
[17.109s] Level 1:colcon.colcon_core.environment:checking '/home/duckiebot/duckietown/ros2_ws/install/ros_cap/lib/pkgconfig/ros_cap.pc'
[17.111s] Level 1:colcon.colcon_core.environment:checking '/home/duckiebot/duckietown/ros2_ws/install/ros_cap/lib/python3.10/site-packages'
[17.114s] Level 1:colcon.colcon_core.environment:checking '/home/duckiebot/duckietown/ros2_ws/install/ros_cap/bin'
[17.127s] INFO:colcon.colcon_core.shell:Creating package script '/home/duckiebot/duckietown/ros2_ws/install/ros_cap/share/ros_cap/package.ps1'
[17.138s] INFO:colcon.colcon_core.shell:Creating package descriptor '/home/duckiebot/duckietown/ros2_ws/install/ros_cap/share/ros_cap/package.dsv'
[17.147s] INFO:colcon.colcon_core.shell:Creating package script '/home/duckiebot/duckietown/ros2_ws/install/ros_cap/share/ros_cap/package.sh'
[17.157s] INFO:colcon.colcon_core.shell:Creating package script '/home/duckiebot/duckietown/ros2_ws/install/ros_cap/share/ros_cap/package.bash'
[17.169s] INFO:colcon.colcon_core.shell:Creating package script '/home/duckiebot/duckietown/ros2_ws/install/ros_cap/share/ros_cap/package.zsh'
[17.180s] Level 1:colcon.colcon_core.environment:create_file_with_runtime_dependencies(/home/duckiebot/duckietown/ros2_ws/install/ros_cap/share/colcon-core/packages/ros_cap)
[17.416s] Level 1:colcon.colcon_core.environment:create_environment_scripts_only(ros_cap)
[17.435s] Level 1:colcon.colcon_core.environment:checking '/home/duckiebot/duckietown/ros2_ws/install/ros_cap' for CMake module files
[17.442s] Level 1:colcon.colcon_core.environment:checking '/home/duckiebot/duckietown/ros2_ws/install/ros_cap' for CMake config files
[17.446s] Level 1:colcon.colcon_core.shell:create_environment_hook('ros_cap', 'cmake_prefix_path')
[17.458s] INFO:colcon.colcon_core.shell:Creating environment hook '/home/duckiebot/duckietown/ros2_ws/install/ros_cap/share/ros_cap/hook/cmake_prefix_path.ps1'
[17.462s] INFO:colcon.colcon_core.shell:Creating environment descriptor '/home/duckiebot/duckietown/ros2_ws/install/ros_cap/share/ros_cap/hook/cmake_prefix_path.dsv'
[17.465s] INFO:colcon.colcon_core.shell:Creating environment hook '/home/duckiebot/duckietown/ros2_ws/install/ros_cap/share/ros_cap/hook/cmake_prefix_path.sh'
[17.471s] Level 1:colcon.colcon_core.environment:checking '/home/duckiebot/duckietown/ros2_ws/install/ros_cap/bin'
[17.472s] Level 1:colcon.colcon_core.environment:checking '/home/duckiebot/duckietown/ros2_ws/install/ros_cap/lib/pkgconfig/ros_cap.pc'
[17.474s] Level 1:colcon.colcon_core.environment:checking '/home/duckiebot/duckietown/ros2_ws/install/ros_cap/lib/python3.10/site-packages'
[17.476s] Level 1:colcon.colcon_core.environment:checking '/home/duckiebot/duckietown/ros2_ws/install/ros_cap/bin'
[17.489s] INFO:colcon.colcon_core.shell:Creating package script '/home/duckiebot/duckietown/ros2_ws/install/ros_cap/share/ros_cap/package.ps1'
[17.494s] INFO:colcon.colcon_core.shell:Creating package descriptor '/home/duckiebot/duckietown/ros2_ws/install/ros_cap/share/ros_cap/package.dsv'
[17.499s] INFO:colcon.colcon_core.shell:Creating package script '/home/duckiebot/duckietown/ros2_ws/install/ros_cap/share/ros_cap/package.sh'
[17.503s] INFO:colcon.colcon_core.shell:Creating package script '/home/duckiebot/duckietown/ros2_ws/install/ros_cap/share/ros_cap/package.bash'
[17.508s] INFO:colcon.colcon_core.shell:Creating package script '/home/duckiebot/duckietown/ros2_ws/install/ros_cap/share/ros_cap/package.zsh'
[17.512s] Level 1:colcon.colcon_core.environment:create_file_with_runtime_dependencies(/home/duckiebot/duckietown/ros2_ws/install/ros_cap/share/colcon-core/packages/ros_cap)
[17.514s] DEBUG:colcon.colcon_parallel_executor.executor.parallel:closing loop
[17.517s] DEBUG:colcon.colcon_parallel_executor.executor.parallel:loop closed
[17.518s] DEBUG:colcon.colcon_parallel_executor.executor.parallel:run_until_complete finished with '0'
[17.519s] DEBUG:colcon.colcon_core.event_reactor:joining thread
[17.600s] INFO:colcon.colcon_core.plugin_system:Skipping extension 'colcon_notification.desktop_notification.notify_send': Could not find 'notify-send'
[17.601s] INFO:colcon.colcon_core.plugin_system:Skipping extension 'colcon_notification.desktop_notification.terminal_notifier': Not used on non-Darwin systems
[17.602s] INFO:colcon.colcon_core.plugin_system:Skipping extension 'colcon_notification.desktop_notification.win32': Not used on non-Windows systems
[17.603s] INFO:colcon.colcon_notification.desktop_notification:Sending desktop notification using 'notify2'
[17.700s] DEBUG:colcon.colcon_notification.desktop_notification.notify2:Failed to initialize notify2: org.freedesktop.DBus.Error.ServiceUnknown: The name org.freedesktop.Notifications was not provided by any .service files
[17.701s] DEBUG:colcon.colcon_core.event_reactor:joined thread
[17.715s] INFO:colcon.colcon_core.shell:Creating prefix script '/home/duckiebot/duckietown/ros2_ws/install/local_setup.ps1'
[17.727s] INFO:colcon.colcon_core.shell:Creating prefix util module '/home/duckiebot/duckietown/ros2_ws/install/_local_setup_util_ps1.py'
[17.746s] INFO:colcon.colcon_core.shell:Creating prefix chain script '/home/duckiebot/duckietown/ros2_ws/install/setup.ps1'
[17.761s] INFO:colcon.colcon_core.shell:Creating prefix script '/home/duckiebot/duckietown/ros2_ws/install/local_setup.sh'
[17.770s] INFO:colcon.colcon_core.shell:Creating prefix util module '/home/duckiebot/duckietown/ros2_ws/install/_local_setup_util_sh.py'
[17.775s] INFO:colcon.colcon_core.shell:Creating prefix chain script '/home/duckiebot/duckietown/ros2_ws/install/setup.sh'
[17.791s] INFO:colcon.colcon_core.shell:Creating prefix script '/home/duckiebot/duckietown/ros2_ws/install/local_setup.bash'
[17.800s] INFO:colcon.colcon_core.shell:Creating prefix chain script '/home/duckiebot/duckietown/ros2_ws/install/setup.bash'
[17.816s] INFO:colcon.colcon_core.shell:Creating prefix script '/home/duckiebot/duckietown/ros2_ws/install/local_setup.zsh'
[17.822s] INFO:colcon.colcon_core.shell:Creating prefix chain script '/home/duckiebot/duckietown/ros2_ws/install/setup.zsh'
